c:\users\administrator\documents\visual studio 2015\projects\bsdiff2\x64\debug\bsdiff2.lib
c:\users\administrator\documents\visual studio 2015\projects\bsdiff2\x64\debug\bsdiff2.exp
c:\users\administrator\documents\visual studio 2015\projects\bsdiff2\bsdiff2\x64\debug\vc140.pdb
c:\users\administrator\documents\visual studio 2015\projects\bsdiff2\bsdiff2\x64\debug\vc140.idb
c:\users\administrator\documents\visual studio 2015\projects\bsdiff2\bsdiff2\x64\debug\blocksort.obj
c:\users\administrator\documents\visual studio 2015\projects\bsdiff2\bsdiff2\x64\debug\bzlib.obj
c:\users\administrator\documents\visual studio 2015\projects\bsdiff2\bsdiff2\x64\debug\compress.obj
c:\users\administrator\documents\visual studio 2015\projects\bsdiff2\bsdiff2\x64\debug\crctable.obj
c:\users\administrator\documents\visual studio 2015\projects\bsdiff2\bsdiff2\x64\debug\decompress.obj
c:\users\administrator\documents\visual studio 2015\projects\bsdiff2\bsdiff2\x64\debug\huffman.obj
c:\users\administrator\documents\visual studio 2015\projects\bsdiff2\bsdiff2\x64\debug\randtable.obj
c:\users\administrator\documents\visual studio 2015\projects\bsdiff2\bsdiff2\x64\debug\bsdiff.obj
c:\users\administrator\documents\visual studio 2015\projects\bsdiff2\x64\debug\bsdiff2.ilk
c:\users\administrator\documents\visual studio 2015\projects\bsdiff2\x64\debug\bsdiff2.dll
c:\users\administrator\documents\visual studio 2015\projects\bsdiff2\x64\debug\bsdiff2.pdb
c:\users\administrator\documents\visual studio 2015\projects\bsdiff2\bsdiff2\x64\debug\bsdiff2.tlog\bsdiff2.write.1u.tlog
c:\users\administrator\documents\visual studio 2015\projects\bsdiff2\bsdiff2\x64\debug\bsdiff2.tlog\cl.command.1.tlog
c:\users\administrator\documents\visual studio 2015\projects\bsdiff2\bsdiff2\x64\debug\bsdiff2.tlog\cl.read.1.tlog
c:\users\administrator\documents\visual studio 2015\projects\bsdiff2\bsdiff2\x64\debug\bsdiff2.tlog\cl.write.1.tlog
c:\users\administrator\documents\visual studio 2015\projects\bsdiff2\bsdiff2\x64\debug\bsdiff2.tlog\link.command.1.tlog
c:\users\administrator\documents\visual studio 2015\projects\bsdiff2\bsdiff2\x64\debug\bsdiff2.tlog\link.read.1.tlog
c:\users\administrator\documents\visual studio 2015\projects\bsdiff2\bsdiff2\x64\debug\bsdiff2.tlog\link.write.1.tlog
